Compressed sequence file location: data/bigrepair/SARS.400k.headerless.fa.C
Rule file location: data/bigrepair/SARS.400k.headerless.fa.R
Output file prefix: ra.sars.bigrepair
Grammar and expansion lengths loaded successfully. 

Completed 0/50000 queries...
Completed 1000/50000 queries...
Completed 2000/50000 queries...
Completed 3000/50000 queries...
Completed 4000/50000 queries...
Completed 5000/50000 queries...
Completed 6000/50000 queries...
Completed 7000/50000 queries...
Completed 8000/50000 queries...
Completed 9000/50000 queries...
Completed 10000/50000 queries...
Completed 11000/50000 queries...
Completed 12000/50000 queries...
Completed 13000/50000 queries...
Completed 14000/50000 queries...
Completed 15000/50000 queries...
Completed 16000/50000 queries...
Completed 17000/50000 queries...
Completed 18000/50000 queries...
Completed 19000/50000 queries...
Completed 20000/50000 queries...
Completed 21000/50000 queries...
Completed 22000/50000 queries...
Completed 23000/50000 queries...
Completed 24000/50000 queries...
Completed 25000/50000 queries...
Completed 26000/50000 queries...
Completed 27000/50000 queries...
Completed 28000/50000 queries...
Completed 29000/50000 queries...
Completed 30000/50000 queries...
Completed 31000/50000 queries...
Completed 32000/50000 queries...
Completed 33000/50000 queries...
Completed 34000/50000 queries...
Completed 35000/50000 queries...
Completed 36000/50000 queries...
Completed 37000/50000 queries...
Completed 38000/50000 queries...
Completed 39000/50000 queries...
Completed 40000/50000 queries...
Completed 41000/50000 queries...
Completed 42000/50000 queries...
Completed 43000/50000 queries...
Completed 44000/50000 queries...
Completed 45000/50000 queries...
Completed 46000/50000 queries...
Completed 47000/50000 queries...
Completed 48000/50000 queries...
Completed 49000/50000 queries...

--- Benchmark Complete ---
It took 14816.9713 seconds to perform 50000 random access queries.
It took 0.296339 seconds on average per random access query.
Results saved to ra.sars.bigrepair.txt
